[2020-08-17 03:01:45,764] INFO [GroupMetadataManager brokerId=0] Removed 0 expired offsets in 0 milliseconds. (kafka.coordinator.group.GroupMetadataManager)
[2020-08-17 03:11:45,764] INFO [GroupMetadataManager brokerId=0] Removed 0 expired offsets in 0 milliseconds. (kafka.coordinator.group.GroupMetadataManager)
[2020-08-17 03:21:45,764] INFO [GroupMetadataManager brokerId=0] Removed 0 expired offsets in 0 milliseconds. (kafka.coordinator.group.GroupMetadataManager)
[2020-08-17 03:21:53,883] INFO [GroupCoordinator 0]: Dynamic Member with unknown member id joins group my-group in Empty state. Created a new member id kafka-python-2.0.1-d53de8a3-5e4a-4252-a7e2-b5916bc99aaa for this member and add to the group. (kafka.coordinator.group.GroupCoordinator)
[2020-08-17 03:21:53,884] INFO [GroupCoordinator 0]: Preparing to rebalance group my-group in state PreparingRebalance with old generation 0 (__consumer_offsets-12) (reason: Adding new member kafka-python-2.0.1-d53de8a3-5e4a-4252-a7e2-b5916bc99aaa with group instance id None) (kafka.coordinator.group.GroupCoordinator)
[2020-08-17 03:21:53,885] INFO [GroupCoordinator 0]: Stabilized group my-group generation 1 (__consumer_offsets-12) (kafka.coordinator.group.GroupCoordinator)
[2020-08-17 03:21:53,889] INFO [GroupCoordinator 0]: Assignment received from leader for group my-group for generation 1 (kafka.coordinator.group.GroupCoordinator)
[2020-08-17 03:22:34,452] INFO [GroupCoordinator 0]: Member kafka-python-2.0.1-d53de8a3-5e4a-4252-a7e2-b5916bc99aaa in group my-group has failed, removing it from the group (kafka.coordinator.group.GroupCoordinator)
[2020-08-17 03:22:34,453] INFO [GroupCoordinator 0]: Preparing to rebalance group my-group in state PreparingRebalance with old generation 1 (__consumer_offsets-12) (reason: removing member kafka-python-2.0.1-d53de8a3-5e4a-4252-a7e2-b5916bc99aaa on heartbeat expiration) (kafka.coordinator.group.GroupCoordinator)
[2020-08-17 03:22:34,453] INFO [GroupCoordinator 0]: Group my-group with generation 2 is now empty (__consumer_offsets-12) (kafka.coordinator.group.GroupCoordinator)
[2020-08-17 03:22:54,689] INFO Creating topic python-trial2 with configuration {} and initial partition assignment HashMap(0 -> ArrayBuffer(0)) (kafka.zk.AdminZkClient)
[2020-08-17 03:22:54,712] INFO [KafkaApi-0] Auto creation of topic python-trial2 with 1 partitions and replication factor 1 is successful (kafka.server.KafkaApis)
[2020-08-17 03:22:54,747] INFO [ReplicaFetcherManager on broker 0] Removed fetcher for partitions Set(python-trial2-0) (kafka.server.ReplicaFetcherManager)
[2020-08-17 03:22:54,752] INFO [Log partition=python-trial2-0, dir=/tmp/kafka-logs] Loading producer state till offset 0 with message format version 2 (kafka.log.Log)
[2020-08-17 03:22:54,753] INFO Created log for partition python-trial2-0 in /tmp/kafka-logs/python-trial2-0 with properties {compression.type -> producer, min.insync.replicas -> 1, message.downconversion.enable -> true, segment.jitter.ms -> 0, cleanup.policy -> [delete], flush.ms -> 9223372036854775807, retention.ms -> 604800000, segment.bytes -> 1073741824, flush.messages -> 9223372036854775807, message.format.version -> 2.6-IV0, max.compaction.lag.ms -> 9223372036854775807, file.delete.delay.ms -> 60000, max.message.bytes -> 1048588, min.compaction.lag.ms -> 0, message.timestamp.type -> CreateTime, preallocate -> false, index.interval.bytes -> 4096, min.cleanable.dirty.ratio -> 0.5, unclean.leader.election.enable -> false, retention.bytes -> -1, delete.retention.ms -> 86400000, segment.ms -> 604800000, message.timestamp.difference.max.ms -> 9223372036854775807, segment.index.bytes -> 10485760}. (kafka.log.LogManager)
[2020-08-17 03:22:54,754] INFO [Partition python-trial2-0 broker=0] No checkpointed highwatermark is found for partition python-trial2-0 (kafka.cluster.Partition)
[2020-08-17 03:22:54,754] INFO [Partition python-trial2-0 broker=0] Log loaded for partition python-trial2-0 with initial high watermark 0 (kafka.cluster.Partition)
[2020-08-17 03:23:18,094] INFO [GroupCoordinator 0]: Dynamic Member with unknown member id joins group my-group in Empty state. Created a new member id kafka-python-2.0.1-33f79a12-93df-45f3-858b-fade4347c57c for this member and add to the group. (kafka.coordinator.group.GroupCoordinator)
[2020-08-17 03:23:18,095] INFO [GroupCoordinator 0]: Preparing to rebalance group my-group in state PreparingRebalance with old generation 2 (__consumer_offsets-12) (reason: Adding new member kafka-python-2.0.1-33f79a12-93df-45f3-858b-fade4347c57c with group instance id None) (kafka.coordinator.group.GroupCoordinator)
[2020-08-17 03:23:18,096] INFO [GroupCoordinator 0]: Stabilized group my-group generation 3 (__consumer_offsets-12) (kafka.coordinator.group.GroupCoordinator)
[2020-08-17 03:23:18,099] INFO [GroupCoordinator 0]: Assignment received from leader for group my-group for generation 3 (kafka.coordinator.group.GroupCoordinator)
[2020-08-17 03:23:33,614] INFO [GroupCoordinator 0]: Member kafka-python-2.0.1-33f79a12-93df-45f3-858b-fade4347c57c in group my-group has failed, removing it from the group (kafka.coordinator.group.GroupCoordinator)
[2020-08-17 03:23:33,614] INFO [GroupCoordinator 0]: Preparing to rebalance group my-group in state PreparingRebalance with old generation 3 (__consumer_offsets-12) (reason: removing member kafka-python-2.0.1-33f79a12-93df-45f3-858b-fade4347c57c on heartbeat expiration) (kafka.coordinator.group.GroupCoordinator)
[2020-08-17 03:23:33,614] INFO [GroupCoordinator 0]: Group my-group with generation 4 is now empty (__consumer_offsets-12) (kafka.coordinator.group.GroupCoordinator)
[2020-08-17 03:23:34,464] INFO [GroupCoordinator 0]: Dynamic Member with unknown member id joins group my-group in Empty state. Created a new member id kafka-python-2.0.1-936d2c6d-6117-4bf0-888c-aa1d48f02312 for this member and add to the group. (kafka.coordinator.group.GroupCoordinator)
[2020-08-17 03:23:34,464] INFO [GroupCoordinator 0]: Preparing to rebalance group my-group in state PreparingRebalance with old generation 4 (__consumer_offsets-12) (reason: Adding new member kafka-python-2.0.1-936d2c6d-6117-4bf0-888c-aa1d48f02312 with group instance id None) (kafka.coordinator.group.GroupCoordinator)
[2020-08-17 03:23:34,466] INFO [GroupCoordinator 0]: Stabilized group my-group generation 5 (__consumer_offsets-12) (kafka.coordinator.group.GroupCoordinator)
[2020-08-17 03:23:34,468] INFO [GroupCoordinator 0]: Assignment received from leader for group my-group for generation 5 (kafka.coordinator.group.GroupCoordinator)
[2020-08-17 03:24:08,992] INFO [GroupCoordinator 0]: Member kafka-python-2.0.1-936d2c6d-6117-4bf0-888c-aa1d48f02312 in group my-group has failed, removing it from the group (kafka.coordinator.group.GroupCoordinator)
[2020-08-17 03:24:08,993] INFO [GroupCoordinator 0]: Preparing to rebalance group my-group in state PreparingRebalance with old generation 5 (__consumer_offsets-12) (reason: removing member kafka-python-2.0.1-936d2c6d-6117-4bf0-888c-aa1d48f02312 on heartbeat expiration) (kafka.coordinator.group.GroupCoordinator)
[2020-08-17 03:24:08,993] INFO [GroupCoordinator 0]: Group my-group with generation 6 is now empty (__consumer_offsets-12) (kafka.coordinator.group.GroupCoordinator)
[2020-08-17 03:24:12,867] INFO [GroupCoordinator 0]: Dynamic Member with unknown member id joins group my-group in Empty state. Created a new member id kafka-python-2.0.1-d7bc6ff0-5133-44f1-a82f-24b554569d20 for this member and add to the group. (kafka.coordinator.group.GroupCoordinator)
[2020-08-17 03:24:12,868] INFO [GroupCoordinator 0]: Preparing to rebalance group my-group in state PreparingRebalance with old generation 6 (__consumer_offsets-12) (reason: Adding new member kafka-python-2.0.1-d7bc6ff0-5133-44f1-a82f-24b554569d20 with group instance id None) (kafka.coordinator.group.GroupCoordinator)
[2020-08-17 03:24:12,869] INFO [GroupCoordinator 0]: Stabilized group my-group generation 7 (__consumer_offsets-12) (kafka.coordinator.group.GroupCoordinator)
[2020-08-17 03:24:12,872] INFO [GroupCoordinator 0]: Assignment received from leader for group my-group for generation 7 (kafka.coordinator.group.GroupCoordinator)
[2020-08-17 03:24:22,874] INFO [GroupCoordinator 0]: Member kafka-python-2.0.1-d7bc6ff0-5133-44f1-a82f-24b554569d20 in group my-group has failed, removing it from the group (kafka.coordinator.group.GroupCoordinator)
[2020-08-17 03:24:22,875] INFO [GroupCoordinator 0]: Preparing to rebalance group my-group in state PreparingRebalance with old generation 7 (__consumer_offsets-12) (reason: removing member kafka-python-2.0.1-d7bc6ff0-5133-44f1-a82f-24b554569d20 on heartbeat expiration) (kafka.coordinator.group.GroupCoordinator)
[2020-08-17 03:24:22,875] INFO [GroupCoordinator 0]: Group my-group with generation 8 is now empty (__consumer_offsets-12) (kafka.coordinator.group.GroupCoordinator)
[2020-08-17 03:27:10,761] INFO [GroupCoordinator 0]: Dynamic Member with unknown member id joins group my-group in Empty state. Created a new member id kafka-python-2.0.1-ceb21b46-9421-4929-9140-9f64d35d4b22 for this member and add to the group. (kafka.coordinator.group.GroupCoordinator)
[2020-08-17 03:27:10,761] INFO [GroupCoordinator 0]: Preparing to rebalance group my-group in state PreparingRebalance with old generation 8 (__consumer_offsets-12) (reason: Adding new member kafka-python-2.0.1-ceb21b46-9421-4929-9140-9f64d35d4b22 with group instance id None) (kafka.coordinator.group.GroupCoordinator)
[2020-08-17 03:27:10,763] INFO [GroupCoordinator 0]: Stabilized group my-group generation 9 (__consumer_offsets-12) (kafka.coordinator.group.GroupCoordinator)
[2020-08-17 03:27:10,766] INFO [GroupCoordinator 0]: Assignment received from leader for group my-group for generation 9 (kafka.coordinator.group.GroupCoordinator)
[2020-08-17 03:27:20,769] INFO [GroupCoordinator 0]: Member kafka-python-2.0.1-ceb21b46-9421-4929-9140-9f64d35d4b22 in group my-group has failed, removing it from the group (kafka.coordinator.group.GroupCoordinator)
[2020-08-17 03:27:20,769] INFO [GroupCoordinator 0]: Preparing to rebalance group my-group in state PreparingRebalance with old generation 9 (__consumer_offsets-12) (reason: removing member kafka-python-2.0.1-ceb21b46-9421-4929-9140-9f64d35d4b22 on heartbeat expiration) (kafka.coordinator.group.GroupCoordinator)
[2020-08-17 03:27:20,770] INFO [GroupCoordinator 0]: Group my-group with generation 10 is now empty (__consumer_offsets-12) (kafka.coordinator.group.GroupCoordinator)
[2020-08-17 03:27:30,841] INFO [GroupCoordinator 0]: Dynamic Member with unknown member id joins group my-group in Empty state. Created a new member id kafka-python-2.0.1-813e12c1-d9a4-463d-954d-a72d07ebf9d8 for this member and add to the group. (kafka.coordinator.group.GroupCoordinator)
[2020-08-17 03:27:30,841] INFO [GroupCoordinator 0]: Preparing to rebalance group my-group in state PreparingRebalance with old generation 10 (__consumer_offsets-12) (reason: Adding new member kafka-python-2.0.1-813e12c1-d9a4-463d-954d-a72d07ebf9d8 with group instance id None) (kafka.coordinator.group.GroupCoordinator)
[2020-08-17 03:27:30,843] INFO [GroupCoordinator 0]: Stabilized group my-group generation 11 (__consumer_offsets-12) (kafka.coordinator.group.GroupCoordinator)
[2020-08-17 03:27:30,845] INFO [GroupCoordinator 0]: Assignment received from leader for group my-group for generation 11 (kafka.coordinator.group.GroupCoordinator)
[2020-08-17 03:27:40,847] INFO [GroupCoordinator 0]: Member kafka-python-2.0.1-813e12c1-d9a4-463d-954d-a72d07ebf9d8 in group my-group has failed, removing it from the group (kafka.coordinator.group.GroupCoordinator)
[2020-08-17 03:27:40,847] INFO [GroupCoordinator 0]: Preparing to rebalance group my-group in state PreparingRebalance with old generation 11 (__consumer_offsets-12) (reason: removing member kafka-python-2.0.1-813e12c1-d9a4-463d-954d-a72d07ebf9d8 on heartbeat expiration) (kafka.coordinator.group.GroupCoordinator)
[2020-08-17 03:27:40,847] INFO [GroupCoordinator 0]: Group my-group with generation 12 is now empty (__consumer_offsets-12) (kafka.coordinator.group.GroupCoordinator)
[2020-08-17 03:28:27,025] INFO [GroupCoordinator 0]: Dynamic Member with unknown member id joins group my-group in Empty state. Created a new member id kafka-python-2.0.1-9dfa06fd-43d3-40a5-a090-453f366c2059 for this member and add to the group. (kafka.coordinator.group.GroupCoordinator)
[2020-08-17 03:28:27,025] INFO [GroupCoordinator 0]: Preparing to rebalance group my-group in state PreparingRebalance with old generation 12 (__consumer_offsets-12) (reason: Adding new member kafka-python-2.0.1-9dfa06fd-43d3-40a5-a090-453f366c2059 with group instance id None) (kafka.coordinator.group.GroupCoordinator)
[2020-08-17 03:28:27,026] INFO [GroupCoordinator 0]: Stabilized group my-group generation 13 (__consumer_offsets-12) (kafka.coordinator.group.GroupCoordinator)
[2020-08-17 03:28:27,027] INFO [GroupCoordinator 0]: Assignment received from leader for group my-group for generation 13 (kafka.coordinator.group.GroupCoordinator)
[2020-08-17 03:29:10,123] INFO [GroupCoordinator 0]: Member kafka-python-2.0.1-9dfa06fd-43d3-40a5-a090-453f366c2059 in group my-group has failed, removing it from the group (kafka.coordinator.group.GroupCoordinator)
[2020-08-17 03:29:10,124] INFO [GroupCoordinator 0]: Preparing to rebalance group my-group in state PreparingRebalance with old generation 13 (__consumer_offsets-12) (reason: removing member kafka-python-2.0.1-9dfa06fd-43d3-40a5-a090-453f366c2059 on heartbeat expiration) (kafka.coordinator.group.GroupCoordinator)
[2020-08-17 03:29:10,124] INFO [GroupCoordinator 0]: Group my-group with generation 14 is now empty (__consumer_offsets-12) (kafka.coordinator.group.GroupCoordinator)
[2020-08-17 03:29:30,237] INFO [GroupCoordinator 0]: Dynamic Member with unknown member id joins group my-group in Empty state. Created a new member id kafka-python-2.0.1-6e99e992-7697-4362-964a-98c225de7db2 for this member and add to the group. (kafka.coordinator.group.GroupCoordinator)
[2020-08-17 03:29:30,238] INFO [GroupCoordinator 0]: Preparing to rebalance group my-group in state PreparingRebalance with old generation 14 (__consumer_offsets-12) (reason: Adding new member kafka-python-2.0.1-6e99e992-7697-4362-964a-98c225de7db2 with group instance id None) (kafka.coordinator.group.GroupCoordinator)
[2020-08-17 03:29:30,239] INFO [GroupCoordinator 0]: Stabilized group my-group generation 15 (__consumer_offsets-12) (kafka.coordinator.group.GroupCoordinator)
[2020-08-17 03:29:30,242] INFO [GroupCoordinator 0]: Assignment received from leader for group my-group for generation 15 (kafka.coordinator.group.GroupCoordinator)
[2020-08-17 03:31:45,766] INFO [GroupMetadataManager brokerId=0] Removed 0 expired offsets in 2 milliseconds. (kafka.coordinator.group.GroupMetadataManager)
[2020-08-17 03:32:20,578] INFO [GroupCoordinator 0]: Dynamic Member with unknown member id joins group my-group in Stable state. Created a new member id kafka-python-2.0.1-f0ed3d57-1186-4360-a51c-38427fd71ccb for this member and add to the group. (kafka.coordinator.group.GroupCoordinator)
[2020-08-17 03:32:20,578] INFO [GroupCoordinator 0]: Preparing to rebalance group my-group in state PreparingRebalance with old generation 15 (__consumer_offsets-12) (reason: Adding new member kafka-python-2.0.1-f0ed3d57-1186-4360-a51c-38427fd71ccb with group instance id None) (kafka.coordinator.group.GroupCoordinator)
[2020-08-17 03:32:25,730] INFO [GroupCoordinator 0]: Member kafka-python-2.0.1-6e99e992-7697-4362-964a-98c225de7db2 in group my-group has failed, removing it from the group (kafka.coordinator.group.GroupCoordinator)
[2020-08-17 03:32:25,732] INFO [GroupCoordinator 0]: Stabilized group my-group generation 16 (__consumer_offsets-12) (kafka.coordinator.group.GroupCoordinator)
[2020-08-17 03:32:25,735] INFO [GroupCoordinator 0]: Assignment received from leader for group my-group for generation 16 (kafka.coordinator.group.GroupCoordinator)
[2020-08-17 03:33:36,304] INFO [GroupCoordinator 0]: Dynamic Member with unknown member id joins group my-group in Stable state. Created a new member id kafka-python-2.0.1-f343c443-dd6b-44cd-9a28-d7a0bd464adc for this member and add to the group. (kafka.coordinator.group.GroupCoordinator)
[2020-08-17 03:33:36,304] INFO [GroupCoordinator 0]: Preparing to rebalance group my-group in state PreparingRebalance with old generation 16 (__consumer_offsets-12) (reason: Adding new member kafka-python-2.0.1-f343c443-dd6b-44cd-9a28-d7a0bd464adc with group instance id None) (kafka.coordinator.group.GroupCoordinator)
[2020-08-17 03:33:44,851] INFO [GroupCoordinator 0]: Member kafka-python-2.0.1-f0ed3d57-1186-4360-a51c-38427fd71ccb in group my-group has failed, removing it from the group (kafka.coordinator.group.GroupCoordinator)
[2020-08-17 03:33:44,853] INFO [GroupCoordinator 0]: Stabilized group my-group generation 17 (__consumer_offsets-12) (kafka.coordinator.group.GroupCoordinator)
[2020-08-17 03:33:44,856] INFO [GroupCoordinator 0]: Assignment received from leader for group my-group for generation 17 (kafka.coordinator.group.GroupCoordinator)
[2020-08-17 03:34:09,020] INFO [GroupCoordinator 0]: Member kafka-python-2.0.1-f343c443-dd6b-44cd-9a28-d7a0bd464adc in group my-group has failed, removing it from the group (kafka.coordinator.group.GroupCoordinator)
[2020-08-17 03:34:09,020] INFO [GroupCoordinator 0]: Preparing to rebalance group my-group in state PreparingRebalance with old generation 17 (__consumer_offsets-12) (reason: removing member kafka-python-2.0.1-f343c443-dd6b-44cd-9a28-d7a0bd464adc on heartbeat expiration) (kafka.coordinator.group.GroupCoordinator)
[2020-08-17 03:34:09,020] INFO [GroupCoordinator 0]: Group my-group with generation 18 is now empty (__consumer_offsets-12) (kafka.coordinator.group.GroupCoordinator)
[2020-08-17 03:34:15,472] INFO [GroupCoordinator 0]: Dynamic Member with unknown member id joins group my-group in Empty state. Created a new member id kafka-python-2.0.1-178c8d45-08f4-457b-a7fb-b354600d93e3 for this member and add to the group. (kafka.coordinator.group.GroupCoordinator)
[2020-08-17 03:34:15,472] INFO [GroupCoordinator 0]: Preparing to rebalance group my-group in state PreparingRebalance with old generation 18 (__consumer_offsets-12) (reason: Adding new member kafka-python-2.0.1-178c8d45-08f4-457b-a7fb-b354600d93e3 with group instance id None) (kafka.coordinator.group.GroupCoordinator)
[2020-08-17 03:34:15,475] INFO [GroupCoordinator 0]: Stabilized group my-group generation 19 (__consumer_offsets-12) (kafka.coordinator.group.GroupCoordinator)
[2020-08-17 03:34:15,477] INFO [GroupCoordinator 0]: Assignment received from leader for group my-group for generation 19 (kafka.coordinator.group.GroupCoordinator)
[2020-08-17 03:34:39,126] INFO [GroupCoordinator 0]: Member kafka-python-2.0.1-178c8d45-08f4-457b-a7fb-b354600d93e3 in group my-group has failed, removing it from the group (kafka.coordinator.group.GroupCoordinator)
[2020-08-17 03:34:39,127] INFO [GroupCoordinator 0]: Preparing to rebalance group my-group in state PreparingRebalance with old generation 19 (__consumer_offsets-12) (reason: removing member kafka-python-2.0.1-178c8d45-08f4-457b-a7fb-b354600d93e3 on heartbeat expiration) (kafka.coordinator.group.GroupCoordinator)
[2020-08-17 03:34:39,127] INFO [GroupCoordinator 0]: Group my-group with generation 20 is now empty (__consumer_offsets-12) (kafka.coordinator.group.GroupCoordinator)
[2020-08-17 03:36:03,201] INFO [GroupCoordinator 0]: Dynamic Member with unknown member id joins group my-group in Empty state. Created a new member id kafka-python-2.0.1-a8a64496-88a8-4400-9274-add9e4d85bcd for this member and add to the group. (kafka.coordinator.group.GroupCoordinator)
[2020-08-17 03:36:03,201] INFO [GroupCoordinator 0]: Preparing to rebalance group my-group in state PreparingRebalance with old generation 20 (__consumer_offsets-12) (reason: Adding new member kafka-python-2.0.1-a8a64496-88a8-4400-9274-add9e4d85bcd with group instance id None) (kafka.coordinator.group.GroupCoordinator)
[2020-08-17 03:36:03,202] INFO [GroupCoordinator 0]: Stabilized group my-group generation 21 (__consumer_offsets-12) (kafka.coordinator.group.GroupCoordinator)
[2020-08-17 03:36:03,205] INFO [GroupCoordinator 0]: Assignment received from leader for group my-group for generation 21 (kafka.coordinator.group.GroupCoordinator)
