2020-08-15 18:35:23,491 [myid:] - INFO  [main:QuorumPeerConfig@173] - Reading configuration from: /home/ayo/Desktop/Volvo Work/Volvo-Assignment/main/files/zookeeper/bin/../conf/zoo.cfg
2020-08-15 18:35:23,502 [myid:] - INFO  [main:QuorumPeerConfig@459] - clientPortAddress is 0.0.0.0:2181
2020-08-15 18:35:23,502 [myid:] - INFO  [main:QuorumPeerConfig@463] - secureClientPort is not set
2020-08-15 18:35:23,502 [myid:] - INFO  [main:QuorumPeerConfig@479] - observerMasterPort is not set
2020-08-15 18:35:23,503 [myid:] - INFO  [main:QuorumPeerConfig@496] - metricsProvider.className is org.apache.zookeeper.metrics.impl.DefaultMetricsProvider
2020-08-15 18:35:23,504 [myid:] - INFO  [main:DatadirCleanupManager@78] - autopurge.snapRetainCount set to 3
2020-08-15 18:35:23,504 [myid:] - INFO  [main:DatadirCleanupManager@79] - autopurge.purgeInterval set to 0
2020-08-15 18:35:23,505 [myid:] - INFO  [main:DatadirCleanupManager@101] - Purge task is not scheduled.
2020-08-15 18:35:23,505 [myid:] - WARN  [main:QuorumPeerMain@138] - Either no config or no quorum defined in config, running in standalone mode
2020-08-15 18:35:23,510 [myid:] - INFO  [main:ManagedUtil@44] - Log4j 1.2 jmx support found and enabled.
2020-08-15 18:35:23,518 [myid:] - INFO  [main:QuorumPeerConfig@173] - Reading configuration from: /home/ayo/Desktop/Volvo Work/Volvo-Assignment/main/files/zookeeper/bin/../conf/zoo.cfg
2020-08-15 18:35:23,518 [myid:] - INFO  [main:QuorumPeerConfig@459] - clientPortAddress is 0.0.0.0:2181
2020-08-15 18:35:23,518 [myid:] - INFO  [main:QuorumPeerConfig@463] - secureClientPort is not set
2020-08-15 18:35:23,518 [myid:] - INFO  [main:QuorumPeerConfig@479] - observerMasterPort is not set
2020-08-15 18:35:23,518 [myid:] - INFO  [main:QuorumPeerConfig@496] - metricsProvider.className is org.apache.zookeeper.metrics.impl.DefaultMetricsProvider
2020-08-15 18:35:23,518 [myid:] - INFO  [main:ZooKeeperServerMain@122] - Starting server
2020-08-15 18:35:23,530 [myid:] - INFO  [main:ServerMetrics@62] - ServerMetrics initialized with provider org.apache.zookeeper.metrics.impl.DefaultMetricsProvider@77e9807f
2020-08-15 18:35:23,533 [myid:] - INFO  [main:FileTxnSnapLog@124] - zookeeper.snapshot.trust.empty : false
2020-08-15 18:35:23,541 [myid:] - INFO  [main:ZookeeperBanner@42] - 
2020-08-15 18:35:23,541 [myid:] - INFO  [main:ZookeeperBanner@42] -   ______                  _                                          
2020-08-15 18:35:23,541 [myid:] - INFO  [main:ZookeeperBanner@42] -  |___  /                 | |                                         
2020-08-15 18:35:23,541 [myid:] - INFO  [main:ZookeeperBanner@42] -     / /    ___     ___   | | __   ___    ___   _ __     ___   _ __   
2020-08-15 18:35:23,541 [myid:] - INFO  [main:ZookeeperBanner@42] -    / /    / _ \   / _ \  | |/ /  / _ \  / _ \ | '_ \   / _ \ | '__|
2020-08-15 18:35:23,542 [myid:] - INFO  [main:ZookeeperBanner@42] -   / /__  | (_) | | (_) | |   <  |  __/ |  __/ | |_) | |  __/ | |    
2020-08-15 18:35:23,542 [myid:] - INFO  [main:ZookeeperBanner@42] -  /_____|  \___/   \___/  |_|\_\  \___|  \___| | .__/   \___| |_|
2020-08-15 18:35:23,542 [myid:] - INFO  [main:ZookeeperBanner@42] -                                               | |                     
2020-08-15 18:35:23,542 [myid:] - INFO  [main:ZookeeperBanner@42] -                                               |_|                     
2020-08-15 18:35:23,542 [myid:] - INFO  [main:ZookeeperBanner@42] - 
2020-08-15 18:35:23,543 [myid:] - INFO  [main:Environment@98] - Server environment:zookeeper.version=3.6.1--104dcb3e3fb464b30c5186d229e00af9f332524b, built on 04/21/2020 15:01 GMT
2020-08-15 18:35:23,543 [myid:] - INFO  [main:Environment@98] - Server environment:host.name=ayo-HP-PC
2020-08-15 18:35:23,543 [myid:] - INFO  [main:Environment@98] - Server environment:java.version=11.0.8
2020-08-15 18:35:23,543 [myid:] - INFO  [main:Environment@98] - Server environment:java.vendor=Ubuntu
2020-08-15 18:35:23,543 [myid:] - INFO  [main:Environment@98] - Server environment:java.home=/usr/lib/jvm/java-11-openjdk-amd64
2020-08-15 18:35:23,543 [myid:] - INFO  [main:Environment@98] - Server environment:java.class.path=/home/ayo/Desktop/Volvo Work/Volvo-Assignment/main/files/zookeeper/bin/../zookeeper-server/target/classes:/home/ayo/Desktop/Volvo Work/Volvo-Assignment/main/files/zookeeper/bin/../build/classes:/home/ayo/Desktop/Volvo Work/Volvo-Assignment/main/files/zookeeper/bin/../zookeeper-server/target/lib/*.jar:/home/ayo/Desktop/Volvo Work/Volvo-Assignment/main/files/zookeeper/bin/../build/lib/*.jar:/home/ayo/Desktop/Volvo Work/Volvo-Assignment/main/files/zookeeper/bin/../lib/zookeeper-prometheus-metrics-3.6.1.jar:/home/ayo/Desktop/Volvo Work/Volvo-Assignment/main/files/zookeeper/bin/../lib/zookeeper-jute-3.6.1.jar:/home/ayo/Desktop/Volvo Work/Volvo-Assignment/main/files/zookeeper/bin/../lib/zookeeper-3.6.1.jar:/home/ayo/Desktop/Volvo Work/Volvo-Assignment/main/files/zookeeper/bin/../lib/snappy-java-1.1.7.jar:/home/ayo/Desktop/Volvo Work/Volvo-Assignment/main/files/zookeeper/bin/../lib/slf4j-log4j12-1.7.25.jar:/home/ayo/Desktop/Volvo Work/Volvo-Assignment/main/files/zookeeper/bin/../lib/slf4j-api-1.7.25.jar:/home/ayo/Desktop/Volvo Work/Volvo-Assignment/main/files/zookeeper/bin/../lib/simpleclient_servlet-0.6.0.jar:/home/ayo/Desktop/Volvo Work/Volvo-Assignment/main/files/zookeeper/bin/../lib/simpleclient_hotspot-0.6.0.jar:/home/ayo/Desktop/Volvo Work/Volvo-Assignment/main/files/zookeeper/bin/../lib/simpleclient_common-0.6.0.jar:/home/ayo/Desktop/Volvo Work/Volvo-Assignment/main/files/zookeeper/bin/../lib/simpleclient-0.6.0.jar:/home/ayo/Desktop/Volvo Work/Volvo-Assignment/main/files/zookeeper/bin/../lib/netty-transport-native-unix-common-4.1.48.Final.jar:/home/ayo/Desktop/Volvo Work/Volvo-Assignment/main/files/zookeeper/bin/../lib/netty-transport-native-epoll-4.1.48.Final.jar:/home/ayo/Desktop/Volvo Work/Volvo-Assignment/main/files/zookeeper/bin/../lib/netty-transport-4.1.48.Final.jar:/home/ayo/Desktop/Volvo Work/Volvo-Assignment/main/files/zookeeper/bin/../lib/netty-resolver-4.1.48.Final.jar:/home/ayo/Desktop/Volvo Work/Volvo-Assignment/main/files/zookeeper/bin/../lib/netty-handler-4.1.48.Final.jar:/home/ayo/Desktop/Volvo Work/Volvo-Assignment/main/files/zookeeper/bin/../lib/netty-common-4.1.48.Final.jar:/home/ayo/Desktop/Volvo Work/Volvo-Assignment/main/files/zookeeper/bin/../lib/netty-codec-4.1.48.Final.jar:/home/ayo/Desktop/Volvo Work/Volvo-Assignment/main/files/zookeeper/bin/../lib/netty-buffer-4.1.48.Final.jar:/home/ayo/Desktop/Volvo Work/Volvo-Assignment/main/files/zookeeper/bin/../lib/metrics-core-3.2.5.jar:/home/ayo/Desktop/Volvo Work/Volvo-Assignment/main/files/zookeeper/bin/../lib/log4j-1.2.17.jar:/home/ayo/Desktop/Volvo Work/Volvo-Assignment/main/files/zookeeper/bin/../lib/json-simple-1.1.1.jar:/home/ayo/Desktop/Volvo Work/Volvo-Assignment/main/files/zookeeper/bin/../lib/jline-2.11.jar:/home/ayo/Desktop/Volvo Work/Volvo-Assignment/main/files/zookeeper/bin/../lib/jetty-util-9.4.24.v20191120.jar:/home/ayo/Desktop/Volvo Work/Volvo-Assignment/main/files/zookeeper/bin/../lib/jetty-servlet-9.4.24.v20191120.jar:/home/ayo/Desktop/Volvo Work/Volvo-Assignment/main/files/zookeeper/bin/../lib/jetty-server-9.4.24.v20191120.jar:/home/ayo/Desktop/Volvo Work/Volvo-Assignment/main/files/zookeeper/bin/../lib/jetty-security-9.4.24.v20191120.jar:/home/ayo/Desktop/Volvo Work/Volvo-Assignment/main/files/zookeeper/bin/../lib/jetty-io-9.4.24.v20191120.jar:/home/ayo/Desktop/Volvo Work/Volvo-Assignment/main/files/zookeeper/bin/../lib/jetty-http-9.4.24.v20191120.jar:/home/ayo/Desktop/Volvo Work/Volvo-Assignment/main/files/zookeeper/bin/../lib/javax.servlet-api-3.1.0.jar:/home/ayo/Desktop/Volvo Work/Volvo-Assignment/main/files/zookeeper/bin/../lib/jackson-databind-2.10.3.jar:/home/ayo/Desktop/Volvo Work/Volvo-Assignment/main/files/zookeeper/bin/../lib/jackson-core-2.10.3.jar:/home/ayo/Desktop/Volvo Work/Volvo-Assignment/main/files/zookeeper/bin/../lib/jackson-annotations-2.10.3.jar:/home/ayo/Desktop/Volvo Work/Volvo-Assignment/main/files/zookeeper/bin/../lib/commons-lang-2.6.jar:/home/ayo/Desktop/Volvo Work/Volvo-Assignment/main/files/zookeeper/bin/../lib/commons-cli-1.2.jar:/home/ayo/Desktop/Volvo Work/Volvo-Assignment/main/files/zookeeper/bin/../lib/audience-annotations-0.5.0.jar:/home/ayo/Desktop/Volvo Work/Volvo-Assignment/main/files/zookeeper/bin/../zookeeper-*.jar:/home/ayo/Desktop/Volvo Work/Volvo-Assignment/main/files/zookeeper/bin/../zookeeper-server/src/main/resources/lib/*.jar:/home/ayo/Desktop/Volvo Work/Volvo-Assignment/main/files/zookeeper/bin/../conf:
2020-08-15 18:35:23,544 [myid:] - INFO  [main:Environment@98] - Server environment:java.library.path=/usr/local/cuda/extras/CUPTI/lib64::/usr/java/packages/lib:/usr/lib/x86_64-linux-gnu/jni:/lib/x86_64-linux-gnu:/usr/lib/x86_64-linux-gnu:/usr/lib/jni:/lib:/usr/lib
2020-08-15 18:35:23,544 [myid:] - INFO  [main:Environment@98] - Server environment:java.io.tmpdir=/tmp
2020-08-15 18:35:23,544 [myid:] - INFO  [main:Environment@98] - Server environment:java.compiler=<NA>
2020-08-15 18:35:23,544 [myid:] - INFO  [main:Environment@98] - Server environment:os.name=Linux
2020-08-15 18:35:23,544 [myid:] - INFO  [main:Environment@98] - Server environment:os.arch=amd64
2020-08-15 18:35:23,544 [myid:] - INFO  [main:Environment@98] - Server environment:os.version=4.15.0-112-generic
2020-08-15 18:35:23,544 [myid:] - INFO  [main:Environment@98] - Server environment:user.name=ayo
2020-08-15 18:35:23,544 [myid:] - INFO  [main:Environment@98] - Server environment:user.home=/home/ayo
2020-08-15 18:35:23,544 [myid:] - INFO  [main:Environment@98] - Server environment:user.dir=/home/ayo/Desktop/Volvo Work/Volvo-Assignment/main/files/zookeeper
2020-08-15 18:35:23,544 [myid:] - INFO  [main:Environment@98] - Server environment:os.memory.free=235MB
2020-08-15 18:35:23,544 [myid:] - INFO  [main:Environment@98] - Server environment:os.memory.max=1000MB
2020-08-15 18:35:23,544 [myid:] - INFO  [main:Environment@98] - Server environment:os.memory.total=250MB
2020-08-15 18:35:23,544 [myid:] - INFO  [main:ZooKeeperServer@128] - zookeeper.enableEagerACLCheck = false
2020-08-15 18:35:23,545 [myid:] - INFO  [main:ZooKeeperServer@136] - zookeeper.digest.enabled = true
2020-08-15 18:35:23,545 [myid:] - INFO  [main:ZooKeeperServer@140] - zookeeper.closeSessionTxn.enabled = true
2020-08-15 18:35:23,545 [myid:] - INFO  [main:ZooKeeperServer@1434] - zookeeper.flushDelay=0
2020-08-15 18:35:23,545 [myid:] - INFO  [main:ZooKeeperServer@1443] - zookeeper.maxWriteQueuePollTime=0
2020-08-15 18:35:23,545 [myid:] - INFO  [main:ZooKeeperServer@1452] - zookeeper.maxBatchSize=1000
2020-08-15 18:35:23,545 [myid:] - INFO  [main:ZooKeeperServer@241] - zookeeper.intBufferStartingSizeBytes = 1024
2020-08-15 18:35:23,546 [myid:] - INFO  [main:BlueThrottle@141] - Weighed connection throttling is disabled
2020-08-15 18:35:23,547 [myid:] - INFO  [main:ZooKeeperServer@1246] - minSessionTimeout set to 4000
2020-08-15 18:35:23,547 [myid:] - INFO  [main:ZooKeeperServer@1255] - maxSessionTimeout set to 40000
2020-08-15 18:35:23,548 [myid:] - INFO  [main:ResponseCache@45] - Response cache size is initialized with value 400.
2020-08-15 18:35:23,548 [myid:] - INFO  [main:ResponseCache@45] - Response cache size is initialized with value 400.
2020-08-15 18:35:23,548 [myid:] - INFO  [main:RequestPathMetricsCollector@111] - zookeeper.pathStats.slotCapacity = 60
2020-08-15 18:35:23,549 [myid:] - INFO  [main:RequestPathMetricsCollector@112] - zookeeper.pathStats.slotDuration = 15
2020-08-15 18:35:23,549 [myid:] - INFO  [main:RequestPathMetricsCollector@113] - zookeeper.pathStats.maxDepth = 6
2020-08-15 18:35:23,549 [myid:] - INFO  [main:RequestPathMetricsCollector@114] - zookeeper.pathStats.initialDelay = 5
2020-08-15 18:35:23,549 [myid:] - INFO  [main:RequestPathMetricsCollector@115] - zookeeper.pathStats.delay = 5
2020-08-15 18:35:23,549 [myid:] - INFO  [main:RequestPathMetricsCollector@116] - zookeeper.pathStats.enabled = false
2020-08-15 18:35:23,551 [myid:] - INFO  [main:ZooKeeperServer@1471] - The max bytes for all large requests are set to 104857600
2020-08-15 18:35:23,551 [myid:] - INFO  [main:ZooKeeperServer@1485] - The large request threshold is set to -1
2020-08-15 18:35:23,551 [myid:] - INFO  [main:ZooKeeperServer@329] - Created server with tickTime 2000 minSessionTimeout 4000 maxSessionTimeout 40000 clientPortListenBacklog -1 datadir /tmp/zookeeper/version-2 snapdir /tmp/zookeeper/version-2
2020-08-15 18:35:23,573 [myid:] - INFO  [main:Log@169] - Logging initialized @495ms to org.eclipse.jetty.util.log.Slf4jLog
2020-08-15 18:35:23,639 [myid:] - WARN  [main:ContextHandler@1520] - o.e.j.s.ServletContextHandler@5656be13{/,null,UNAVAILABLE} contextPath ends with /*
2020-08-15 18:35:23,639 [myid:] - WARN  [main:ContextHandler@1531] - Empty contextPath
2020-08-15 18:35:23,654 [myid:] - INFO  [main:Server@359] - jetty-9.4.24.v20191120; built: 2019-11-20T21:37:49.771Z; git: 363d5f2df3a8a28de40604320230664b9c793c16; jvm 11.0.8+10-post-Ubuntu-0ubuntu118.04.1
2020-08-15 18:35:23,679 [myid:] - INFO  [main:DefaultSessionIdManager@333] - DefaultSessionIdManager workerName=node0
2020-08-15 18:35:23,679 [myid:] - INFO  [main:DefaultSessionIdManager@338] - No SessionScavenger set, using defaults
2020-08-15 18:35:23,681 [myid:] - INFO  [main:HouseKeeper@140] - node0 Scavenging every 660000ms
2020-08-15 18:35:23,686 [myid:] - INFO  [main:ContextHandler@825] - Started o.e.j.s.ServletContextHandler@5656be13{/,null,AVAILABLE}
2020-08-15 18:35:23,707 [myid:] - INFO  [main:AbstractConnector@330] - Started ServerConnector@402bba4f{HTTP/1.1,[http/1.1]}{0.0.0.0:8080}
2020-08-15 18:35:23,708 [myid:] - INFO  [main:Server@399] - Started @630ms
2020-08-15 18:35:23,708 [myid:] - INFO  [main:JettyAdminServer@178] - Started AdminServer on address 0.0.0.0, port 8080 and command URL /commands
2020-08-15 18:35:23,712 [myid:] - INFO  [main:ServerCnxnFactory@169] - Using org.apache.zookeeper.server.NIOServerCnxnFactory as server connection factory
2020-08-15 18:35:23,712 [myid:] - WARN  [main:ServerCnxnFactory@309] - maxCnxns is not configured, using default value 0.
2020-08-15 18:35:23,713 [myid:] - INFO  [main:NIOServerCnxnFactory@666] - Configuring NIO connection handler with 10s sessionless connection timeout, 2 selector thread(s), 16 worker threads, and 64 kB direct buffers.
2020-08-15 18:35:23,714 [myid:] - INFO  [main:NIOServerCnxnFactory@674] - binding to port 0.0.0.0/0.0.0.0:2181
2020-08-15 18:35:23,726 [myid:] - INFO  [main:WatchManagerFactory@42] - Using org.apache.zookeeper.server.watch.WatchManager as watch manager
2020-08-15 18:35:23,726 [myid:] - INFO  [main:WatchManagerFactory@42] - Using org.apache.zookeeper.server.watch.WatchManager as watch manager
2020-08-15 18:35:23,727 [myid:] - INFO  [main:ZKDatabase@132] - zookeeper.snapshotSizeFactor = 0.33
2020-08-15 18:35:23,727 [myid:] - INFO  [main:ZKDatabase@152] - zookeeper.commitLogCount=500
2020-08-15 18:35:23,730 [myid:] - INFO  [main:SnapStream@61] - zookeeper.snapshot.compression.method = CHECKED
2020-08-15 18:35:23,732 [myid:] - INFO  [main:FileSnap@85] - Reading snapshot /tmp/zookeeper/version-2/snapshot.0
2020-08-15 18:35:23,735 [myid:] - INFO  [main:DataTree@1737] - The digest value is empty in snapshot
2020-08-15 18:35:23,740 [myid:] - INFO  [main:FileTxnSnapLog@363] - 1 txns loaded in 2 ms
2020-08-15 18:35:23,740 [myid:] - INFO  [main:ZKDatabase@289] - Snapshot loaded in 13 ms, highest zxid is 0x1, digest is 1371985504
2020-08-15 18:35:23,740 [myid:] - INFO  [main:FileTxnSnapLog@470] - Snapshotting: 0x1 to /tmp/zookeeper/version-2/snapshot.1
2020-08-15 18:35:23,741 [myid:] - INFO  [main:ZooKeeperServer@519] - Snapshot taken in 1 ms
2020-08-15 18:35:23,749 [myid:] - INFO  [main:RequestThrottler@74] - zookeeper.request_throttler.shutdownTimeout = 10000
2020-08-15 18:35:23,759 [myid:] - INFO  [main:ContainerManager@83] - Using checkIntervalMs=60000 maxPerMinute=10000 maxNeverUsedIntervalMs=0
2020-08-15 18:35:23,760 [myid:] - INFO  [main:ZKAuditProvider@42] - ZooKeeper audit is disabled.
2020-08-15 18:35:33,075 [myid:] - WARN  [NIOWorkerThread-3:NIOServerCnxn@364] - Unexpected exception
EndOfStreamException: Unable to read additional data from client, it probably closed the socket: address = /127.0.0.1:38894, session = 0x10000b47a530000
	at org.apache.zookeeper.server.NIOServerCnxn.handleFailedRead(NIOServerCnxn.java:163)
	at org.apache.zookeeper.server.NIOServerCnxn.doIO(NIOServerCnxn.java:326)
	at org.apache.zookeeper.server.NIOServerCnxnFactory$IOWorkRequest.doWork(NIOServerCnxnFactory.java:522)
	at org.apache.zookeeper.server.WorkerService$ScheduledWorkRequest.run(WorkerService.java:154)
	at java.base/java.util.concurrent.ThreadPoolExecutor.runWorker(ThreadPoolExecutor.java:1128)
	at java.base/java.util.concurrent.ThreadPoolExecutor$Worker.run(ThreadPoolExecutor.java:628)
	at java.base/java.lang.Thread.run(Thread.java:834)
2020-08-15 18:35:37,667 [myid:] - INFO  [SyncThread:0:FileTxnLog@284] - Creating new log file: log.2
2020-08-15 18:35:54,624 [myid:] - INFO  [SessionTracker:ZooKeeperServer@600] - Expiring session 0x10000b47a530000, timeout of 30000ms exceeded
